Determining if the pthread_create exist failed with the following output:
Change Dir: /home/odroid/git_laser_scanner/build/CMakeFiles/CMakeTmp

Run Build Command:/usr/bin/make "cmTryCompileExec1289511732/fast"
/usr/bin/make -f CMakeFiles/cmTryCompileExec1289511732.dir/build.make CMakeFiles/cmTryCompileExec1289511732.dir/build
make[1]: Entering directory `/home/odroid/git_laser_scanner/build/CMakeFiles/CMakeTmp'
/usr/bin/cmake -E cmake_progress_report /home/odroid/git_laser_scanner/build/CMakeFiles/CMakeTmp/CMakeFiles 1
Building C object CMakeFiles/cmTryCompileExec1289511732.dir/CheckSymbolExists.c.o
/usr/bin/cc    -o CMakeFiles/cmTryCompileExec1289511732.dir/CheckSymbolExists.c.o   -c /home/odroid/git_laser_scanner/build/CMakeFiles/CMakeTmp/CheckSymbolExists.c
Linking C executable cmTryCompileExec1289511732
/usr/bin/cmake -E cmake_link_script CMakeFiles/cmTryCompileExec1289511732.dir/link.txt --verbose=1
/usr/bin/cc       CMakeFiles/cmTryCompileExec1289511732.dir/CheckSymbolExists.c.o  -o cmTryCompileExec1289511732 -rdynamic 
CMakeFiles/cmTryCompileExec1289511732.dir/CheckSymbolExists.c.o: In function `main':
CheckSymbolExists.c:(.text+0xe): undefined reference to `pthread_create'
CheckSymbolExists.c:(.text+0x12): undefined reference to `pthread_create'
collect2: error: ld returned 1 exit status
make[1]: *** [cmTryCompileExec1289511732] Error 1
make[1]: Leaving directory `/home/odroid/git_laser_scanner/build/CMakeFiles/CMakeTmp'
make: *** [cmTryCompileExec1289511732/fast] Error 2

File /home/odroid/git_laser_scanner/build/CMakeFiles/CMakeTmp/CheckSymbolExists.c:
/* */
#include <pthread.h>

int main(int argc, char** argv)
{
  (void)argv;
#ifndef pthread_create
  return ((int*)(&pthread_create))[argc];
#else
  (void)argc;
  return 0;
#endif
}

Determining if the function pthread_create exists in the pthreads failed with the following output:
Change Dir: /home/odroid/git_laser_scanner/build/CMakeFiles/CMakeTmp

Run Build Command:/usr/bin/make "cmTryCompileExec2943893910/fast"
/usr/bin/make -f CMakeFiles/cmTryCompileExec2943893910.dir/build.make CMakeFiles/cmTryCompileExec2943893910.dir/build
make[1]: Entering directory `/home/odroid/git_laser_scanner/build/CMakeFiles/CMakeTmp'
/usr/bin/cmake -E cmake_progress_report /home/odroid/git_laser_scanner/build/CMakeFiles/CMakeTmp/CMakeFiles 1
Building C object CMakeFiles/cmTryCompileExec2943893910.dir/CheckFunctionExists.c.o
/usr/bin/cc   -DCHECK_FUNCTION_EXISTS=pthread_create   -o CMakeFiles/cmTryCompileExec2943893910.dir/CheckFunctionExists.c.o   -c /usr/share/cmake-2.8/Modules/CheckFunctionExists.c
Linking C executable cmTryCompileExec2943893910
/usr/bin/cmake -E cmake_link_script CMakeFiles/cmTryCompileExec2943893910.dir/link.txt --verbose=1
/usr/bin/cc   -DCHECK_FUNCTION_EXISTS=pthread_create    CMakeFiles/cmTryCompileExec2943893910.dir/CheckFunctionExists.c.o  -o cmTryCompileExec2943893910 -rdynamic -lpthreads 
/usr/bin/ld.bfd.real: cannot find -lpthreads
collect2: error: ld returned 1 exit status
make[1]: *** [cmTryCompileExec2943893910] Error 1
make[1]: Leaving directory `/home/odroid/git_laser_scanner/build/CMakeFiles/CMakeTmp'
make: *** [cmTryCompileExec2943893910/fast] Error 2


