Determining if the pthread_create exist failed with the following output:
Change Dir: /home/odroid/catkin_ws/build/CMakeFiles/CMakeTmp

Run Build Command:/usr/bin/make "cmTryCompileExec2562713481/fast"
/usr/bin/make -f CMakeFiles/cmTryCompileExec2562713481.dir/build.make CMakeFiles/cmTryCompileExec2562713481.dir/build
make[1]: Entering directory `/home/odroid/catkin_ws/build/CMakeFiles/CMakeTmp'
/usr/bin/cmake -E cmake_progress_report /home/odroid/catkin_ws/build/CMakeFiles/CMakeTmp/CMakeFiles 1
Building C object CMakeFiles/cmTryCompileExec2562713481.dir/CheckSymbolExists.c.o
/usr/bin/cc    -o CMakeFiles/cmTryCompileExec2562713481.dir/CheckSymbolExists.c.o   -c /home/odroid/catkin_ws/build/CMakeFiles/CMakeTmp/CheckSymbolExists.c
Linking C executable cmTryCompileExec2562713481
/usr/bin/cmake -E cmake_link_script CMakeFiles/cmTryCompileExec2562713481.dir/link.txt --verbose=1
/usr/bin/cc       CMakeFiles/cmTryCompileExec2562713481.dir/CheckSymbolExists.c.o  -o cmTryCompileExec2562713481 -rdynamic 
CMakeFiles/cmTryCompileExec2562713481.dir/CheckSymbolExists.c.o: In function `main':
CheckSymbolExists.c:(.text+0xe): undefined reference to `pthread_create'
CheckSymbolExists.c:(.text+0x12): undefined reference to `pthread_create'
collect2: error: ld returned 1 exit status
make[1]: *** [cmTryCompileExec2562713481] Error 1
make[1]: Leaving directory `/home/odroid/catkin_ws/build/CMakeFiles/CMakeTmp'
make: *** [cmTryCompileExec2562713481/fast] Error 2

File /home/odroid/catkin_ws/build/CMakeFiles/CMakeTmp/CheckSymbolExists.c:
/* */
#include <pthread.h>

int main(int argc, char** argv)
{
  (void)argv;
#ifndef pthread_create
  return ((int*)(&pthread_create))[argc];
#else
  (void)argc;
  return 0;
#endif
}

Determining if the function pthread_create exists in the pthreads failed with the following output:
Change Dir: /home/odroid/catkin_ws/build/CMakeFiles/CMakeTmp

Run Build Command:/usr/bin/make "cmTryCompileExec1933618275/fast"
/usr/bin/make -f CMakeFiles/cmTryCompileExec1933618275.dir/build.make CMakeFiles/cmTryCompileExec1933618275.dir/build
make[1]: Entering directory `/home/odroid/catkin_ws/build/CMakeFiles/CMakeTmp'
/usr/bin/cmake -E cmake_progress_report /home/odroid/catkin_ws/build/CMakeFiles/CMakeTmp/CMakeFiles 1
Building C object CMakeFiles/cmTryCompileExec1933618275.dir/CheckFunctionExists.c.o
/usr/bin/cc   -DCHECK_FUNCTION_EXISTS=pthread_create   -o CMakeFiles/cmTryCompileExec1933618275.dir/CheckFunctionExists.c.o   -c /usr/share/cmake-2.8/Modules/CheckFunctionExists.c
Linking C executable cmTryCompileExec1933618275
/usr/bin/cmake -E cmake_link_script CMakeFiles/cmTryCompileExec1933618275.dir/link.txt --verbose=1
/usr/bin/cc   -DCHECK_FUNCTION_EXISTS=pthread_create    CMakeFiles/cmTryCompileExec1933618275.dir/CheckFunctionExists.c.o  -o cmTryCompileExec1933618275 -rdynamic -lpthreads 
/usr/bin/ld.bfd.real: cannot find -lpthreads
collect2: error: ld returned 1 exit status
make[1]: *** [cmTryCompileExec1933618275] Error 1
make[1]: Leaving directory `/home/odroid/catkin_ws/build/CMakeFiles/CMakeTmp'
make: *** [cmTryCompileExec1933618275/fast] Error 2


